<?xml version="1.0" encoding="UTF-8"?>
<testsuite xmlns:xsi="http://www.w3.org/2001/XMLSchema-instance" xsi:noNamespaceSchemaLocation="https://maven.apache.org/surefire/maven-surefire-plugin/xsd/surefire-test-report-3.0.xsd" version="3.0" name="UserServiceTest" time="1.221" tests="6" errors="0" skipped="0" failures="0">
  <properties>
[...]
</properties>
  <testcase name="saveUser" classname="UserServiceTest" time="0.724"/>
  <testcase name="removeUserById" classname="UserServiceTest" time="0.102"/>
  <testcase name="getAllUsers" classname="UserServiceTest" time="0.092"/>
  <testcase name="dropUsersTable" classname="UserServiceTest" time="0.045"/>
  <testcase name="createUsersTable" classname="UserServiceTest" time="0.051"/>
  <testcase name="cleanUsersTable" classname="UserServiceTest" time="0.132"/>
</testsuite>